<?xml version="1.0" encoding="UTF-8"?>
<!-- Generated by org.testng.reporters.JUnitReportReporter -->
<testsuite name="testCase.ReadFile" tests="9" time="2.960" ignored="0" failures="0" timestamp="25 九月 2019 09:37:58 GMT" skipped="0" hostname="DESKTOP-JHSDJDA" errors="0">
  <testcase name="control" time="0.038" classname="testCase.ReadFile"/>
  <testcase name="readJsonFile" time="0.376" classname="testCase.ReadFile"/>
  <testcase name="result" time="0.054" classname="testCase.ReadFile"/>
  <testcase name="queryMacByDevUuid" time="0.049" classname="testCase.ReadFile"/>
  <testcase name="controlDeviceByOperCode" time="2.253" classname="testCase.ReadFile"/>
  <testcase name="query" time="0.036" classname="testCase.ReadFile"/>
  <testcase name="getDeviceState" time="0.043" classname="testCase.ReadFile"/>
  <testcase name="checkSnoRepeat" time="0.079" classname="testCase.ReadFile"/>
  <testcase name="deviceNotify" time="0.032" classname="testCase.ReadFile"/>
</testsuite> <!-- testCase.ReadFile -->
