<?xml version="1.0" encoding="UTF-8"?>
<!-- Generated by org.testng.reporters.JUnitReportReporter -->
<testsuite hostname="DESKTOP-JHSDJDA" name="com.test.dataprovider.NewTest1" tests="1" failures="0" timestamp="29 Jul 2019 10:08:12 GMT" time="1.517" errors="0">
  <testcase name="Sheet1" time="1.517" classname="com.test.dataprovider.NewTest1"/>
</testsuite> <!-- com.test.dataprovider.NewTest1 -->
